{"/Users/mac/frontend-project-lvl2/src/index.js": {"path":"/Users/mac/frontend-project-lvl2/src/index.js","statementMap":{"0":{"start":{"line":4,"column":20},"end":{"line":4,"column":71}},"1":{"start":{"line":4,"column":34},"end":{"line":4,"column":71}},"2":{"start":{"line":7,"column":24},"end":{"line":7,"column":80}},"3":{"start":{"line":8,"column":25},"end":{"line":8,"column":82}},"4":{"start":{"line":10,"column":23},"end":{"line":10,"column":28}},"5":{"start":{"line":11,"column":20},"end":{"line":11,"column":45}},"6":{"start":{"line":12,"column":4},"end":{"line":24,"column":5}},"7":{"start":{"line":13,"column":8},"end":{"line":22,"column":9}},"8":{"start":{"line":14,"column":12},"end":{"line":19,"column":13}},"9":{"start":{"line":15,"column":16},"end":{"line":15,"column":58}},"10":{"start":{"line":17,"column":16},"end":{"line":17,"column":70}},"11":{"start":{"line":18,"column":16},"end":{"line":18,"column":58}},"12":{"start":{"line":21,"column":12},"end":{"line":21,"column":54}},"13":{"start":{"line":23,"column":8},"end":{"line":23,"column":33}},"14":{"start":{"line":25,"column":4},"end":{"line":27,"column":5}},"15":{"start":{"line":26,"column":8},"end":{"line":26,"column":50}},"16":{"start":{"line":28,"column":4},"end":{"line":28,"column":24}},"17":{"start":{"line":29,"column":4},"end":{"line":29,"column":30}},"18":{"start":{"line":30,"column":4},"end":{"line":30,"column":24}}},"fnMap":{"0":{"name":"(anonymous_0)","decl":{"start":{"line":4,"column":20},"end":{"line":4,"column":21}},"loc":{"start":{"line":4,"column":34},"end":{"line":4,"column":71}},"line":4},"1":{"name":"(anonymous_1)","decl":{"start":{"line":6,"column":15},"end":{"line":6,"column":16}},"loc":{"start":{"line":6,"column":34},"end":{"line":31,"column":1}},"line":6}},"branchMap":{"0":{"loc":{"start":{"line":13,"column":8},"end":{"line":22,"column":9}},"type":"if","locations":[{"start":{"line":13,"column":8},"end":{"line":22,"column":9}},{"start":{"line":13,"column":8},"end":{"line":22,"column":9}}],"line":13},"1":{"loc":{"start":{"line":14,"column":12},"end":{"line":19,"column":13}},"type":"if","locations":[{"start":{"line":14,"column":12},"end":{"line":19,"column":13}},{"start":{"line":14,"column":12},"end":{"line":19,"column":13}}],"line":14}},"s":{"0":1,"1":2,"2":1,"3":1,"4":1,"5":1,"6":1,"7":4,"8":2,"9":1,"10":1,"11":1,"12":2,"13":4,"14":1,"15":1,"16":1,"17":1,"18":1},"f":{"0":2,"1":1},"b":{"0":[2,2],"1":[1,1]},"inputSourceMap":null,"_coverageSchema":"1a1c01bbd47fc00a2c39e90264f33305004495a9","hash":"19828f5f33b8cd2fc9a3b5aa721b9c8163d95054"}
}
